Base path: C:/Program Files (x86)/Unity/Editor/Data
Pipe name: \\.\pipe\UnityShaderCompiler-1-14112
Cmd: getPlatforms
Cmd: preprocess
  insize=1715 outsize=1091 ok=1
Cmd: compileSnippet
  error: 2 plat 4 at (54): undeclared identifier 'UnityObjectToClipPos'
  api=4 type=0 insize=926 outsize=0 kw= ok=0
Cmd: preprocess
  insize=1852 outsize=1088 ok=1
Cmd: compileSnippet
  error: 2 plat 4 at (53): unrecognized identifier 'UNITY_FOG_COORDS'
  api=4 type=0 insize=1066 outsize=0 kw= ok=0
Cmd: preprocess
  error: 2 plat 12 at (66): Can't find include file ../../../Distortion/GvrDistortion.cginc
  insize=1773 outsize=949 ok=0
Cmd: preprocess
  error: 2 plat 12 at (123): Can't find include file UnityUI.cginc
  insize=3138 outsize=1811 ok=0
Cmd: preprocess
  insize=3377 outsize=1331 ok=1
Cmd: preprocess
  insize=1665 outsize=1015 ok=1
Cmd: compileSnippet
  error: 2 plat 4 at (56): undeclared identifier 'UnityObjectToClipPos'
  api=4 type=0 insize=951 outsize=0 kw= ok=0
Cmd: preprocess
  insize=1203 outsize=1203 ok=1
Cmd: preprocess
  insize=1486 outsize=894 ok=1
Cmd: compileSnippet
  error: 2 plat 4 at (45): undeclared identifier 'UnityObjectToClipPos'
  api=4 type=0 insize=893 outsize=0 kw= ok=0
Cmd: preprocess
  insize=2004 outsize=1251 ok=1
Cmd: compileSnippet
  error: 2 plat 4 at (60): undeclared identifier 'UnityObjectToClipPos'
  api=4 type=0 insize=1052 outsize=0 kw= ok=0
Cmd: preprocess
  insize=1702 outsize=903 ok=1
Cmd: compileSnippet
  error: 2 plat 4 at (41): unrecognized identifier 'UNITY_FOG_COORDS'
  api=4 type=0 insize=1101 outsize=0 kw= ok=0
Cmd: preprocess
  insize=1181 outsize=1181 ok=1
Cmd: preprocess
  insize=2011 outsize=1088 ok=1
Cmd: compileSnippet
  error: 2 plat 4 at (53): undeclared identifier 'UnityObjectToClipPos'
  api=4 type=0 insize=1222 outsize=0 kw= ok=0
Cmd: preprocess
  insize=5708 outsize=1077 ok=1
Cmd: compileSnippet
  error: 1 plat 4 at (89): implicit truncation of vector type
  error: 2 plat 4 at (132): undeclared identifier 'UnityObjectToClipPos'
  api=4 type=0 insize=4935 outsize=0 kw= ok=0
Unhandled exception: Readfile from pipe failed. GLE=De pipe is beëindigd.


Quitting shader compiler process
